<?xml version="1.0" encoding="UTF-8"?>
<testsuite xmlns:xsi="http://www.w3.org/2001/XMLSchema-instance" xsi:noNamespaceSchemaLocation="https://maven.apache.org/surefire/maven-surefire-plugin/xsd/surefire-test-report-3.0.xsd" version="3.0" name="com.commandApi.OrderIntegrationTest" time="7.751" tests="6" errors="0" skipped="0" failures="0">
  <properties>
[...]
</properties>
  <testcase name="testDeleteOrder" classname="com.commandApi.OrderIntegrationTest" time="0.642">
    <system-out><![CDATA[15:35:10.902 [main] INFO org.springframework.test.context.support.AnnotationConfigContextLoaderUtils -- Could not detect default configuration classes for test class [com.commandApi.OrderIntegrationTest]: OrderIntegrationTest does not declare any static, non-private, non-final, nested classes annotated with @Configuration.
15:35:10.996 [main] INFO org.springframework.boot.test.context.SpringBootTestContextBootstrapper -- Found @SpringBootConfiguration com.commandApi.CommandApplication for test class com.commandApi.OrderIntegrationTest

  .   ____          _            __ _ _
 /\\ / ___'_ __ _ _(_)_ __  __ _ \ \ \ \
( ( )\___ | '_ | '_| | '_ \/ _` | \ \ \ \
 \\/  ___)| |_)| | | | | || (_| |  ) ) ) )
  '  |____| .__|_| |_|_| |_\__, | / / / /
 =========|_|==============|___/=/_/_/_/
 :: Spring Boot ::                (v3.2.4)

2024-06-20T15:35:11.497+02:00  INFO 10944 --- [           main] com.commandApi.OrderIntegrationTest      : Starting OrderIntegrationTest using Java 21.0.3 with PID 10944 (started by LG in C:\Users\rahmo\WORKSPACE\MSPR_DEV\MSPR_Commandes_API)
2024-06-20T15:35:11.497+02:00  INFO 10944 --- [           main] com.commandApi.OrderIntegrationTest      : No active profile set, falling back to 1 default profile: "default"
2024-06-20T15:35:12.281+02:00  INFO 10944 --- [           main] .s.d.r.c.RepositoryConfigurationDelegate : Bootstrapping Spring Data JPA repositories in DEFAULT mode.
2024-06-20T15:35:12.343+02:00  INFO 10944 --- [           main] .s.d.r.c.RepositoryConfigurationDelegate : Finished Spring Data repository scanning in 57 ms. Found 1 JPA repository interface.
2024-06-20T15:35:12.970+02:00  INFO 10944 --- [           main] o.hibernate.jpa.internal.util.LogHelper  : HHH000204: Processing PersistenceUnitInfo [name: default]
2024-06-20T15:35:13.064+02:00  INFO 10944 --- [           main] org.hibernate.Version                    : HHH000412: Hibernate ORM core version 6.4.4.Final
2024-06-20T15:35:13.095+02:00  INFO 10944 --- [           main] o.h.c.internal.RegionFactoryInitiator    : HHH000026: Second-level cache disabled
2024-06-20T15:35:13.299+02:00  INFO 10944 --- [           main] o.s.o.j.p.SpringPersistenceUnitInfo      : No LoadTimeWeaver setup: ignoring JPA class transformer
2024-06-20T15:35:13.346+02:00  INFO 10944 --- [           main] com.zaxxer.hikari.HikariDataSource       : HikariPool-1 - Starting...
2024-06-20T15:35:13.800+02:00  INFO 10944 --- [           main] com.zaxxer.hikari.pool.HikariPool        : HikariPool-1 - Added connection com.mysql.cj.jdbc.ConnectionImpl@49edb6d0
2024-06-20T15:35:13.800+02:00  INFO 10944 --- [           main] com.zaxxer.hikari.HikariDataSource       : HikariPool-1 - Start completed.
2024-06-20T15:35:13.894+02:00  WARN 10944 --- [           main] org.hibernate.orm.deprecation            : HHH90000025: MySQLDialect does not need to be specified explicitly using 'hibernate.dialect' (remove the property setting and it will be selected by default)
2024-06-20T15:35:14.881+02:00  INFO 10944 --- [           main] o.h.e.t.j.p.i.JtaPlatformInitiator       : HHH000489: No JTA platform available (set 'hibernate.transaction.jta.platform' to enable JTA platform integration)
Hibernate: 
    drop table if exists `command`
Hibernate: 
    drop table if exists `command_sequence`
Hibernate: 
    create table `command` (
        `creation_date` date,
        `update_date` date,
        `id` bigint not null,
        `clients_id` varchar(255),
        `products_id` varchar(255),
        primary key (`id`)
    ) engine=InnoDB
Hibernate: 
    create table `command_sequence` (
        `next_val` bigint
    ) engine=InnoDB
Hibernate: 
    insert into `command_sequence` values ( 1 )
2024-06-20T15:35:15.053+02:00  INFO 10944 --- [           main] j.LocalContainerEntityManagerFactoryBean : Initialized JPA EntityManagerFactory for persistence unit 'default'
2024-06-20T15:35:15.664+02:00  WARN 10944 --- [           main] JpaBaseConfiguration$JpaWebConfiguration : spring.jpa.open-in-view is enabled by default. Therefore, database queries may be performed during view rendering. Explicitly configure spring.jpa.open-in-view to disable this warning
2024-06-20T15:35:16.198+02:00  INFO 10944 --- [           main] o.s.b.t.m.w.SpringBootMockServletContext : Initializing Spring TestDispatcherServlet ''
2024-06-20T15:35:16.198+02:00  INFO 10944 --- [           main] o.s.t.web.servlet.TestDispatcherServlet  : Initializing Servlet ''
2024-06-20T15:35:16.199+02:00  INFO 10944 --- [           main] o.s.t.web.servlet.TestDispatcherServlet  : Completed initialization in 1 ms
2024-06-20T15:35:16.260+02:00  INFO 10944 --- [           main] o.s.a.r.c.CachingConnectionFactory       : Attempting to connect to: [localhost:5672]
2024-06-20T15:35:16.343+02:00  INFO 10944 --- [           main] o.s.a.r.c.CachingConnectionFactory       : Created new connection: rabbitConnectionFactory#20833b58:0/SimpleConnection@3e386977 [delegate=amqp://guest@127.0.0.1:5672/, localPort=62640]
2024-06-20T15:35:16.349+02:00  INFO 10944 --- [           main] o.s.amqp.rabbit.core.RabbitAdmin         : Auto-declaring a non-durable, auto-delete, or exclusive Queue (orderQueue) durable:false, auto-delete:false, exclusive:false. It will be redeclared if the broker stops and is restarted while the connection factory is alive, but all messages will be lost.
2024-06-20T15:35:16.349+02:00  INFO 10944 --- [           main] o.s.amqp.rabbit.core.RabbitAdmin         : Auto-declaring a non-durable, auto-delete, or exclusive Queue (orderIdQueue) durable:false, auto-delete:false, exclusive:false. It will be redeclared if the broker stops and is restarted while the connection factory is alive, but all messages will be lost.
2024-06-20T15:35:16.349+02:00  INFO 10944 --- [           main] o.s.amqp.rabbit.core.RabbitAdmin         : Auto-declaring a non-durable, auto-delete, or exclusive Queue (orderProductQueue) durable:false, auto-delete:false, exclusive:false. It will be redeclared if the broker stops and is restarted while the connection factory is alive, but all messages will be lost.
2024-06-20T15:35:16.349+02:00  INFO 10944 --- [           main] o.s.amqp.rabbit.core.RabbitAdmin         : Auto-declaring a non-durable, auto-delete, or exclusive Queue (responseQueue) durable:false, auto-delete:false, exclusive:false. It will be redeclared if the broker stops and is restarted while the connection factory is alive, but all messages will be lost.
2024-06-20T15:35:16.349+02:00  INFO 10944 --- [           main] o.s.amqp.rabbit.core.RabbitAdmin         : Auto-declaring a non-durable, auto-delete, or exclusive Queue (orderToSendQueue) durable:false, auto-delete:false, exclusive:false. It will be redeclared if the broker stops and is restarted while the connection factory is alive, but all messages will be lost.
2024-06-20T15:35:16.349+02:00  INFO 10944 --- [           main] o.s.amqp.rabbit.core.RabbitAdmin         : Auto-declaring a non-durable, auto-delete, or exclusive Queue (productsIdQueue) durable:false, auto-delete:false, exclusive:false. It will be redeclared if the broker stops and is restarted while the connection factory is alive, but all messages will be lost.
2024-06-20T15:35:16.349+02:00  INFO 10944 --- [           main] o.s.amqp.rabbit.core.RabbitAdmin         : Auto-declaring a non-durable, auto-delete, or exclusive Queue (productToSendQueue) durable:false, auto-delete:false, exclusive:false. It will be redeclared if the broker stops and is restarted while the connection factory is alive, but all messages will be lost.
2024-06-20T15:35:16.349+02:00  INFO 10944 --- [           main] o.s.amqp.rabbit.core.RabbitAdmin         : Auto-declaring a non-durable, auto-delete, or exclusive Queue (clientIdsIdQueue) durable:false, auto-delete:false, exclusive:false. It will be redeclared if the broker stops and is restarted while the connection factory is alive, but all messages will be lost.
2024-06-20T15:35:16.349+02:00  INFO 10944 --- [           main] o.s.amqp.rabbit.core.RabbitAdmin         : Auto-declaring a non-durable, auto-delete, or exclusive Queue (responseClientIdsVerificationQueue) durable:false, auto-delete:false, exclusive:false. It will be redeclared if the broker stops and is restarted while the connection factory is alive, but all messages will be lost.
2024-06-20T15:35:16.349+02:00  INFO 10944 --- [           main] o.s.amqp.rabbit.core.RabbitAdmin         : Auto-declaring a non-durable, auto-delete, or exclusive Queue (productIdsToProductQueue) durable:false, auto-delete:false, exclusive:false. It will be redeclared if the broker stops and is restarted while the connection factory is alive, but all messages will be lost.
2024-06-20T15:35:16.349+02:00  INFO 10944 --- [           main] o.s.amqp.rabbit.core.RabbitAdmin         : Auto-declaring a non-durable, auto-delete, or exclusive Queue (responseProductIdsVerificationQueue) durable:false, auto-delete:false, exclusive:false. It will be redeclared if the broker stops and is restarted while the connection factory is alive, but all messages will be lost.
2024-06-20T15:35:16.429+02:00  INFO 10944 --- [           main] com.commandApi.OrderIntegrationTest      : Started OrderIntegrationTest in 5.323 seconds (process running for 11.6)
Hibernate: 
    select
        o1_0.`id`,
        o1_0.`clients_id`,
        o1_0.`creation_date`,
        o1_0.`products_id`,
        o1_0.`update_date` 
    from
        `command` o1_0 
    where
        o1_0.`id`=?
Hibernate: 
    select
        `next_val` as id_val 
    from
        `command_sequence` for update
Hibernate: 
    update
        `command_sequence` 
    set
        `next_val`= ? 
    where
        `next_val`=?
Hibernate: 
    select
        o1_0.`id`,
        o1_0.`clients_id`,
        o1_0.`creation_date`,
        o1_0.`products_id`,
        o1_0.`update_date` 
    from
        `command` o1_0 
    where
        o1_0.`id`=?
Hibernate: 
    select
        `next_val` as id_val 
    from
        `command_sequence` for update
Hibernate: 
    update
        `command_sequence` 
    set
        `next_val`= ? 
    where
        `next_val`=?
Hibernate: 
    select
        o1_0.`id`,
        o1_0.`clients_id`,
        o1_0.`creation_date`,
        o1_0.`products_id`,
        o1_0.`update_date` 
    from
        `command` o1_0 
    where
        o1_0.`id`=?
Hibernate: 
    select
        `next_val` as id_val 
    from
        `command_sequence` for update
Hibernate: 
    update
        `command_sequence` 
    set
        `next_val`= ? 
    where
        `next_val`=?
Hibernate: 
    select
        o1_0.`id`,
        o1_0.`clients_id`,
        o1_0.`creation_date`,
        o1_0.`products_id`,
        o1_0.`update_date` 
    from
        `command` o1_0 
    where
        o1_0.`id`=?
Hibernate: 
    select
        `next_val` as id_val 
    from
        `command_sequence` for update
Hibernate: 
    update
        `command_sequence` 
    set
        `next_val`= ? 
    where
        `next_val`=?
Hibernate: 
    select
        o1_0.`id`,
        o1_0.`clients_id`,
        o1_0.`creation_date`,
        o1_0.`products_id`,
        o1_0.`update_date` 
    from
        `command` o1_0 
    where
        o1_0.`id`=?
Hibernate: 
    select
        `next_val` as id_val 
    from
        `command_sequence` for update
Hibernate: 
    update
        `command_sequence` 
    set
        `next_val`= ? 
    where
        `next_val`=?
Hibernate: 
    insert 
    into
        `command`
        (
            `clients_id`, `creation_date`, `products_id`, `update_date`, `id`
        ) 
    values
        (?, ?, ?, ?, ?)
Hibernate: 
    insert 
    into
        `command`
        (
            `clients_id`, `creation_date`, `products_id`, `update_date`, `id`
        ) 
    values
        (?, ?, ?, ?, ?)
Hibernate: 
    insert 
    into
        `command`
        (
            `clients_id`, `creation_date`, `products_id`, `update_date`, `id`
        ) 
    values
        (?, ?, ?, ?, ?)
Hibernate: 
    insert 
    into
        `command`
        (
            `clients_id`, `creation_date`, `products_id`, `update_date`, `id`
        ) 
    values
        (?, ?, ?, ?, ?)
Hibernate: 
    insert 
    into
        `command`
        (
            `clients_id`, `creation_date`, `products_id`, `update_date`, `id`
        ) 
    values
        (?, ?, ?, ?, ?)
Hibernate: 
    select
        o1_0.`id`,
        o1_0.`clients_id`,
        o1_0.`creation_date`,
        o1_0.`products_id`,
        o1_0.`update_date` 
    from
        `command` o1_0
Hibernate: 
    delete 
    from
        `command` 
    where
        `id`=?
Hibernate: 
    delete 
    from
        `command` 
    where
        `id`=?
Hibernate: 
    delete 
    from
        `command` 
    where
        `id`=?
Hibernate: 
    delete 
    from
        `command` 
    where
        `id`=?
Hibernate: 
    delete 
    from
        `command` 
    where
        `id`=?
Hibernate: 
    select
        `next_val` as id_val 
    from
        `command_sequence` for update
Hibernate: 
    update
        `command_sequence` 
    set
        `next_val`= ? 
    where
        `next_val`=?
Hibernate: 
    insert 
    into
        `command`
        (
            `clients_id`, `creation_date`, `products_id`, `update_date`, `id`
        ) 
    values
        (?, ?, ?, ?, ?)
Hibernate: 
    select
        count(*) 
    from
        `command` o1_0 
    where
        o1_0.`id`=?
Hibernate: 
    select
        o1_0.`id`,
        o1_0.`clients_id`,
        o1_0.`creation_date`,
        o1_0.`products_id`,
        o1_0.`update_date` 
    from
        `command` o1_0 
    where
        o1_0.`id`=?
Hibernate: 
    delete 
    from
        `command` 
    where
        `id`=?
Hibernate: 
    select
        o1_0.`id`,
        o1_0.`clients_id`,
        o1_0.`creation_date`,
        o1_0.`products_id`,
        o1_0.`update_date` 
    from
        `command` o1_0 
    where
        o1_0.`id`=?
]]></system-out>
  </testcase>
  <testcase name="testUpdateOrder" classname="com.commandApi.OrderIntegrationTest" time="0.047">
    <system-out><![CDATA[Hibernate: 
    select
        o1_0.`id`,
        o1_0.`clients_id`,
        o1_0.`creation_date`,
        o1_0.`products_id`,
        o1_0.`update_date` 
    from
        `command` o1_0
Hibernate: 
    select
        `next_val` as id_val 
    from
        `command_sequence` for update
Hibernate: 
    update
        `command_sequence` 
    set
        `next_val`= ? 
    where
        `next_val`=?
Hibernate: 
    insert 
    into
        `command`
        (
            `clients_id`, `creation_date`, `products_id`, `update_date`, `id`
        ) 
    values
        (?, ?, ?, ?, ?)
Hibernate: 
    select
        o1_0.`id`,
        o1_0.`clients_id`,
        o1_0.`creation_date`,
        o1_0.`products_id`,
        o1_0.`update_date` 
    from
        `command` o1_0 
    where
        o1_0.`id`=?
Hibernate: 
    select
        o1_0.`id`,
        o1_0.`clients_id`,
        o1_0.`creation_date`,
        o1_0.`products_id`,
        o1_0.`update_date` 
    from
        `command` o1_0 
    where
        o1_0.`id`=?
]]></system-out>
  </testcase>
  <testcase name="testCreateOrder" classname="com.commandApi.OrderIntegrationTest" time="0.047">
    <system-out><![CDATA[Hibernate: 
    select
        o1_0.`id`,
        o1_0.`clients_id`,
        o1_0.`creation_date`,
        o1_0.`products_id`,
        o1_0.`update_date` 
    from
        `command` o1_0
Hibernate: 
    delete 
    from
        `command` 
    where
        `id`=?
Hibernate: 
    select
        `next_val` as id_val 
    from
        `command_sequence` for update
Hibernate: 
    update
        `command_sequence` 
    set
        `next_val`= ? 
    where
        `next_val`=?
Hibernate: 
    insert 
    into
        `command`
        (
            `clients_id`, `creation_date`, `products_id`, `update_date`, `id`
        ) 
    values
        (?, ?, ?, ?, ?)
Hibernate: 
    select
        o1_0.`id`,
        o1_0.`clients_id`,
        o1_0.`creation_date`,
        o1_0.`products_id`,
        o1_0.`update_date` 
    from
        `command` o1_0
]]></system-out>
  </testcase>
  <testcase name="testAssociateCommandToSpecificClients" classname="com.commandApi.OrderIntegrationTest" time="0.586">
    <system-out><![CDATA[Hibernate: 
    select
        o1_0.`id`,
        o1_0.`clients_id`,
        o1_0.`creation_date`,
        o1_0.`products_id`,
        o1_0.`update_date` 
    from
        `command` o1_0
Hibernate: 
    delete 
    from
        `command` 
    where
        `id`=?
Hibernate: 
    select
        `next_val` as id_val 
    from
        `command_sequence` for update
Hibernate: 
    update
        `command_sequence` 
    set
        `next_val`= ? 
    where
        `next_val`=?
Hibernate: 
    insert 
    into
        `command`
        (
            `clients_id`, `creation_date`, `products_id`, `update_date`, `id`
        ) 
    values
        (?, ?, ?, ?, ?)
Hibernate: 
    select
        o1_0.`id`,
        o1_0.`clients_id`,
        o1_0.`creation_date`,
        o1_0.`products_id`,
        o1_0.`update_date` 
    from
        `command` o1_0 
    where
        o1_0.`id`=?
Hibernate: 
    update
        `command` 
    set
        `clients_id`=?,
        `creation_date`=?,
        `products_id`=?,
        `update_date`=? 
    where
        `id`=?
Hibernate: 
    select
        o1_0.`id`,
        o1_0.`clients_id`,
        o1_0.`creation_date`,
        o1_0.`products_id`,
        o1_0.`update_date` 
    from
        `command` o1_0 
    where
        o1_0.`id`=?
]]></system-out>
  </testcase>
  <testcase name="testAssociateProductsToTheCommand" classname="com.commandApi.OrderIntegrationTest" time="0.569">
    <system-out><![CDATA[Hibernate: 
    select
        o1_0.`id`,
        o1_0.`clients_id`,
        o1_0.`creation_date`,
        o1_0.`products_id`,
        o1_0.`update_date` 
    from
        `command` o1_0
Hibernate: 
    delete 
    from
        `command` 
    where
        `id`=?
Hibernate: 
    select
        `next_val` as id_val 
    from
        `command_sequence` for update
Hibernate: 
    update
        `command_sequence` 
    set
        `next_val`= ? 
    where
        `next_val`=?
Hibernate: 
    insert 
    into
        `command`
        (
            `clients_id`, `creation_date`, `products_id`, `update_date`, `id`
        ) 
    values
        (?, ?, ?, ?, ?)
Hibernate: 
    select
        o1_0.`id`,
        o1_0.`clients_id`,
        o1_0.`creation_date`,
        o1_0.`products_id`,
        o1_0.`update_date` 
    from
        `command` o1_0 
    where
        o1_0.`id`=?
ok
Hibernate: 
    update
        `command` 
    set
        `clients_id`=?,
        `creation_date`=?,
        `products_id`=?,
        `update_date`=? 
    where
        `id`=?
Hibernate: 
    select
        o1_0.`id`,
        o1_0.`clients_id`,
        o1_0.`creation_date`,
        o1_0.`products_id`,
        o1_0.`update_date` 
    from
        `command` o1_0 
    where
        o1_0.`id`=?
]]></system-out>
  </testcase>
  <testcase name="testGetOrders" classname="com.commandApi.OrderIntegrationTest" time="0.047">
    <system-out><![CDATA[Hibernate: 
    select
        o1_0.`id`,
        o1_0.`clients_id`,
        o1_0.`creation_date`,
        o1_0.`products_id`,
        o1_0.`update_date` 
    from
        `command` o1_0
Hibernate: 
    delete 
    from
        `command` 
    where
        `id`=?
Hibernate: 
    select
        `next_val` as id_val 
    from
        `command_sequence` for update
Hibernate: 
    update
        `command_sequence` 
    set
        `next_val`= ? 
    where
        `next_val`=?
Hibernate: 
    insert 
    into
        `command`
        (
            `clients_id`, `creation_date`, `products_id`, `update_date`, `id`
        ) 
    values
        (?, ?, ?, ?, ?)
Hibernate: 
    select
        `next_val` as id_val 
    from
        `command_sequence` for update
Hibernate: 
    update
        `command_sequence` 
    set
        `next_val`= ? 
    where
        `next_val`=?
Hibernate: 
    insert 
    into
        `command`
        (
            `clients_id`, `creation_date`, `products_id`, `update_date`, `id`
        ) 
    values
        (?, ?, ?, ?, ?)
Hibernate: 
    select
        o1_0.`id`,
        o1_0.`clients_id`,
        o1_0.`creation_date`,
        o1_0.`products_id`,
        o1_0.`update_date` 
    from
        `command` o1_0
Orders retrieved: [Command{id=11, creationDate=null, updateDate=null}, Command{id=12, creationDate=null, updateDate=null}]
]]></system-out>
  </testcase>
</testsuite>